     1 00000000                                 
     2                                          ORG	0x7c00
     3 00007C00 EB 4E                           	JMP	entry
     4 00007C02                                 	
     5 00007C02 90                              	DB	0x90
     6 00007C03 48 45 4C 49 4F 53 20 20         	DB	"HELIOS  "
     7 00007C0B 0200                            	DW	512
     8 00007C0D 01                              	DB	1
     9 00007C0E 0001                            	DW	1
    10 00007C10 02                              	DB	2
    11 00007C11 00E0                            	DW	224
    12 00007C13 0B40                            	DW	2880
    13 00007C15 F0                              	DB	0xf0
    14 00007C16 0009                            	DW	9
    15 00007C18 0012                            	DW	18
    16 00007C1A 0002                            	DW	2
    17 00007C1C 00000000                        	DD	0
    18 00007C20 00000B40                        	DD	2880
    19 00007C24 00 00 29                        	DB	0,0,0x29
    20 00007C27 FFFFFFFF                        	DD	0xffffffff
    21 00007C2B 48 45 4C 49 4F 53 20 20 20 20   	DB	"HELIOS     "
       00007C35 20 
    22 00007C36 46 41 54 31 32 20 20 20         	DB	"FAT12   "
    23 00007C3E 00 00 00 00 00 00 00 00 00 00   	RESB	18
       00007C48 00 00 00 00 00 00 00 00 
    24 00007C50                                 
    25 00007C50                                 entry:
    26 00007C50 F4                              	HLT
    27 00007C51 EB FD                           	JMP  entry
    28 00007C53                                 
    29 00007C53 00 00 00 00 00 00 00 00 00 00   	RESB	0x7dfe-$
       00007C5D 00 00 00 00 00 00 00 00 00 00 
       00007C67 00 00 00 00 00 00 00 00 00 00 
       00007C71 00 00 00 00 00 00 00 00 00 00 
       00007C7B 00 00 00 00 00 00 00 00 00 00 
       00007C85 00 00 00 00 00 00 00 00 00 00 
       00007C8F 00 00 00 00 00 00 00 00 00 00 
       00007C99 00 00 00 00 00 00 00 00 00 00 
       00007CA3 00 00 00 00 00 00 00 00 00 00 
       00007CAD 00 00 00 00 00 00 00 00 00 00 
       00007CB7 00 00 00 00 00 00 00 00 00 00 
       00007CC1 00 00 00 00 00 00 00 00 00 00 
       00007CCB 00 00 00 00 00 00 00 00 00 00 
       00007CD5 00 00 00 00 00 00 00 00 00 00 
       00007CDF 00 00 00 00 00 00 00 00 00 00 
       00007CE9 00 00 00 00 00 00 00 00 00 00 
       00007CF3 00 00 00 00 00 00 00 00 00 00 
       00007CFD 00 00 00 00 00 00 00 00 00 00 
       00007D07 00 00 00 00 00 00 00 00 00 00 
       00007D11 00 00 00 00 00 00 00 00 00 00 
       00007D1B 00 00 00 00 00 00 00 00 00 00 
       00007D25 00 00 00 00 00 00 00 00 00 00 
       00007D2F 00 00 00 00 00 00 00 00 00 00 
       00007D39 00 00 00 00 00 00 00 00 00 00 
       00007D43 00 00 00 00 00 00 00 00 00 00 
       00007D4D 00 00 00 00 00 00 00 00 00 00 
       00007D57 00 00 00 00 00 00 00 00 00 00 
       00007D61 00 00 00 00 00 00 00 00 00 00 
       00007D6B 00 00 00 00 00 00 00 00 00 00 
       00007D75 00 00 00 00 00 00 00 00 00 00 
       00007D7F 00 00 00 00 00 00 00 00 00 00 
       00007D89 00 00 00 00 00 00 00 00 00 00 
       00007D93 00 00 00 00 00 00 00 00 00 00 
       00007D9D 00 00 00 00 00 00 00 00 00 00 
       00007DA7 00 00 00 00 00 00 00 00 00 00 
       00007DB1 00 00 00 00 00 00 00 00 00 00 
       00007DBB 00 00 00 00 00 00 00 00 00 00 
       00007DC5 00 00 00 00 00 00 00 00 00 00 
       00007DCF 00 00 00 00 00 00 00 00 00 00 
       00007DD9 00 00 00 00 00 00 00 00 00 00 
       00007DE3 00 00 00 00 00 00 00 00 00 00 
       00007DED 00 00 00 00 00 00 00 00 00 00 
       00007DF7 00 00 00 00 00 00 00 
    30 00007DFE 55 AA                           	DB	0x55,0xaa
