     1 00000000                                 
     2                                          ORG	0x7c00
     3 00007C00 EB 4E                           	JMP	entry
     4 00007C02                                 	
     5 00007C02 90                              	DB	0x90
     6 00007C03 48 45 4C 49 4F 53 20 20         	DB	"HELIOS  "
     7 00007C0B 0200                            	DW	512
     8 00007C0D 01                              	DB	1
     9 00007C0E 0001                            	DW	1
    10 00007C10 02                              	DB	2
    11 00007C11 00E0                            	DW	224
    12 00007C13 0B40                            	DW	2880
    13 00007C15 F0                              	DB	0xf0
    14 00007C16 0009                            	DW	9
    15 00007C18 0012                            	DW	18
    16 00007C1A 0002                            	DW	2
    17 00007C1C 00000000                        	DD	0
    18 00007C20 00000B40                        	DD	2880
    19 00007C24 00 00 29                        	DB	0,0,0x29
    20 00007C27 FFFFFFFF                        	DD	0xffffffff
    21 00007C2B 48 45 4C 49 4F 53 20 20 20 20   	DB	"HELIOS     "
       00007C35 20 
    22 00007C36 46 41 54 31 32 20 20 20         	DB	"FAT12   "
    23 00007C3E 00 00 00 00 00 00 00 00 00 00   	RESB	18
       00007C48 00 00 00 00 00 00 00 00 
    24 00007C50                                 
    25 00007C50                                 entry:
    26 00007C50 B8 0000                         	MOV	AX,0
    27 00007C53 8E D0                           	MOV	SS,AX
    28 00007C55 BC 7C00                         	MOV	SP,0x7c00
    29 00007C58 8E D8                           	MOV	DS,AX
    30 00007C5A 8E C0                           	MOV	ES,AX
    31 00007C5C                                 
    32 00007C5C BE 7C73                         	MOV	SI,msg
    33 00007C5F                                 putloop:
    34 00007C5F 8A 04                           	MOV	AL,[SI]
    35 00007C61 83 C6 01                        	ADD	SI,1
    36 00007C64 3C 00                           	CMP	AL,0
    37 00007C66 74 08                           	JE	fin
    38 00007C68 B4 0E                           	MOV	AH,0x0e		; 1文字表示
    39 00007C6A B7 0F                           	MOV	BH,15		; color code
    40 00007C6C CD 10                           	INT	0x10
    41 00007C6E EB EF                           	JMP	putloop
    42 00007C70                                 fin:
    43 00007C70 F4                              	HLT
    44 00007C71 EB FD                           	JMP	fin
    45 00007C73                                 msg:
    46 00007C73 77 65 6C 63 6F 6D 65 20 74 6F   	DB	"welcome to HELIOS !!!"
       00007C7D 20 48 45 4C 49 4F 53 20 21 21 
       00007C87 21 
    47 00007C88 00                              	DB	0
    48 00007C89                                 
    49 00007C89 00 00 00 00 00 00 00 00 00 00   	RESB	0x7dfe-$
       00007C93 00 00 00 00 00 00 00 00 00 00 
       00007C9D 00 00 00 00 00 00 00 00 00 00 
       00007CA7 00 00 00 00 00 00 00 00 00 00 
       00007CB1 00 00 00 00 00 00 00 00 00 00 
       00007CBB 00 00 00 00 00 00 00 00 00 00 
       00007CC5 00 00 00 00 00 00 00 00 00 00 
       00007CCF 00 00 00 00 00 00 00 00 00 00 
       00007CD9 00 00 00 00 00 00 00 00 00 00 
       00007CE3 00 00 00 00 00 00 00 00 00 00 
       00007CED 00 00 00 00 00 00 00 00 00 00 
       00007CF7 00 00 00 00 00 00 00 00 00 00 
       00007D01 00 00 00 00 00 00 00 00 00 00 
       00007D0B 00 00 00 00 00 00 00 00 00 00 
       00007D15 00 00 00 00 00 00 00 00 00 00 
       00007D1F 00 00 00 00 00 00 00 00 00 00 
       00007D29 00 00 00 00 00 00 00 00 00 00 
       00007D33 00 00 00 00 00 00 00 00 00 00 
       00007D3D 00 00 00 00 00 00 00 00 00 00 
       00007D47 00 00 00 00 00 00 00 00 00 00 
       00007D51 00 00 00 00 00 00 00 00 00 00 
       00007D5B 00 00 00 00 00 00 00 00 00 00 
       00007D65 00 00 00 00 00 00 00 00 00 00 
       00007D6F 00 00 00 00 00 00 00 00 00 00 
       00007D79 00 00 00 00 00 00 00 00 00 00 
       00007D83 00 00 00 00 00 00 00 00 00 00 
       00007D8D 00 00 00 00 00 00 00 00 00 00 
       00007D97 00 00 00 00 00 00 00 00 00 00 
       00007DA1 00 00 00 00 00 00 00 00 00 00 
       00007DAB 00 00 00 00 00 00 00 00 00 00 
       00007DB5 00 00 00 00 00 00 00 00 00 00 
       00007DBF 00 00 00 00 00 00 00 00 00 00 
       00007DC9 00 00 00 00 00 00 00 00 00 00 
       00007DD3 00 00 00 00 00 00 00 00 00 00 
       00007DDD 00 00 00 00 00 00 00 00 00 00 
       00007DE7 00 00 00 00 00 00 00 00 00 00 
       00007DF1 00 00 00 00 00 00 00 00 00 00 
       00007DFB 00 00 00 
    50 00007DFE 55 AA                           	DB	0x55,0xaa
